0 info it worked if it ends with ok
1 verbose cli [ '/usr/bin/node', '/usr/bin/npm', 'run', 'build:dev' ]
2 info using npm@3.5.2
3 info using node@v8.10.0
4 verbose run-script [ 'prebuild:dev', 'build:dev', 'postbuild:dev' ]
5 info lifecycle scripts@1.0.0~prebuild:dev: scripts@1.0.0
6 silly lifecycle scripts@1.0.0~prebuild:dev: no script for prebuild:dev, continuing
7 info lifecycle scripts@1.0.0~build:dev: scripts@1.0.0
8 verbose lifecycle scripts@1.0.0~build:dev: unsafe-perm in lifecycle true
9 verbose lifecycle scripts@1.0.0~build:dev: PATH: /usr/share/npm/bin/node-gyp-bin:/home/whoami/Desktop/Counter_backened_code/node_modules/.bin:/usr/local/sbin:/usr/local/bin:/usr/sbin:/usr/bin:/sbin:/bin:/usr/games:/usr/local/games:/snap/bin
10 verbose lifecycle scripts@1.0.0~build:dev: CWD: /home/whoami/Desktop/Counter_backened_code
11 silly lifecycle scripts@1.0.0~build:dev: Args: [ '-c', 'webpack' ]
12 silly lifecycle scripts@1.0.0~build:dev: Returned: code: 1  signal: null
13 info lifecycle scripts@1.0.0~build:dev: Failed to exec build:dev script
14 verbose stack Error: scripts@1.0.0 build:dev: `webpack`
14 verbose stack Exit status 1
14 verbose stack     at EventEmitter.<anonymous> (/usr/share/npm/lib/utils/lifecycle.js:232:16)
14 verbose stack     at emitTwo (events.js:126:13)
14 verbose stack     at EventEmitter.emit (events.js:214:7)
14 verbose stack     at ChildProcess.<anonymous> (/usr/share/npm/lib/utils/spawn.js:24:14)
14 verbose stack     at emitTwo (events.js:126:13)
14 verbose stack     at ChildProcess.emit (events.js:214:7)
14 verbose stack     at maybeClose (internal/child_process.js:925:16)
14 verbose stack     at Process.ChildProcess._handle.onexit (internal/child_process.js:209:5)
15 verbose pkgid scripts@1.0.0
16 verbose cwd /home/whoami/Desktop/Counter_backened_code
17 error Linux 4.20.0-042000-generic
18 error argv "/usr/bin/node" "/usr/bin/npm" "run" "build:dev"
19 error node v8.10.0
20 error npm  v3.5.2
21 error code ELIFECYCLE
22 error scripts@1.0.0 build:dev: `webpack`
22 error Exit status 1
23 error Failed at the scripts@1.0.0 build:dev script 'webpack'.
23 error Make sure you have the latest version of node.js and npm installed.
23 error If you do, this is most likely a problem with the scripts package,
23 error not with npm itself.
23 error Tell the author that this fails on your system:
23 error     webpack
23 error You can get information on how to open an issue for this project with:
23 error     npm bugs scripts
23 error Or if that isn't available, you can get their info via:
23 error     npm owner ls scripts
23 error There is likely additional logging output above.
24 verbose exit [ 1, true ]
